2025-07-22 21:35:57,650 - main - DEBUG - [main.py:64] - Test loggera - DEBUG
2025-07-22 21:35:57,651 - main - INFO - [main.py:65] - Test loggera - INFO
2025-07-22 21:35:57,651 - main - WARNING - [main.py:66] - Test loggera - WARNING
2025-07-22 21:35:57,651 - main - ERROR - [main.py:67] - Test loggera - ERROR
2025-07-22 21:36:03,107 - main - DEBUG - [main.py:78] - ==================================================
2025-07-22 21:36:03,108 - main - DEBUG - [main.py:79] - [REQUEST] Method: GET Path: /ui
2025-07-22 21:36:03,108 - main - DEBUG - [main.py:80] - Headers: {'host': 'localhost:8080', 'connection': 'keep-alive', 'cache-control': 'max-age=0', 'sec-ch-ua': '"Not)A;Brand";v="8", "Chromium";v="138", "Google Chrome";v="138"', 'sec-ch-ua-mobile': '?0', 'sec-ch-ua-platform': '"Windows"', 'upgrade-insecure-requests': '1', 'user-agent': 'Mozilla/5.0 (Windows NT 10.0; Win64; x64) AppleWebKit/537.36 (KHTML, like Gecko) Chrome/138.0.0.0 Safari/537.36', 'accept': 'text/html,application/xhtml+xml,application/xml;q=0.9,image/avif,image/webp,image/apng,*/*;q=0.8,application/signed-exchange;v=b3;q=0.7', 'sec-fetch-site': 'none', 'sec-fetch-mode': 'navigate', 'sec-fetch-user': '?1', 'sec-fetch-dest': 'document', 'accept-encoding': 'gzip, deflate, br, zstd', 'accept-language': 'pl-PL,pl;q=0.9,en-US;q=0.8,en;q=0.7', 'if-none-match': '"fa21a6b7f18cfb7245a0501bc21cfabb"', 'if-modified-since': 'Tue, 22 Jul 2025 19:05:24 GMT'}
2025-07-22 21:36:03,108 - main - DEBUG - [main.py:82] - Request body: 
2025-07-22 21:36:03,252 - main - DEBUG - [main.py:84] - [RESPONSE] Status: 200
2025-07-22 21:36:03,477 - main - DEBUG - [main.py:78] - ==================================================
2025-07-22 21:36:03,478 - main - DEBUG - [main.py:79] - [REQUEST] Method: GET Path: /.well-known/appspecific/com.chrome.devtools.json
2025-07-22 21:36:03,478 - main - DEBUG - [main.py:80] - Headers: {'host': 'localhost:8080', 'connection': 'keep-alive', 'sec-fetch-site': 'same-origin', 'sec-fetch-mode': 'no-cors', 'sec-fetch-dest': 'empty', 'user-agent': 'Mozilla/5.0 (Windows NT 10.0; Win64; x64) AppleWebKit/537.36 (KHTML, like Gecko) Chrome/138.0.0.0 Safari/537.36', 'accept-encoding': 'gzip, deflate, br, zstd', 'accept-language': 'pl-PL,pl;q=0.9,en-US;q=0.8,en;q=0.7'}
2025-07-22 21:36:03,478 - main - DEBUG - [main.py:82] - Request body: 
2025-07-22 21:36:03,479 - main - DEBUG - [main.py:84] - [RESPONSE] Status: 404
2025-07-22 21:36:03,585 - main - DEBUG - [main.py:78] - ==================================================
2025-07-22 21:36:03,586 - main - DEBUG - [main.py:79] - [REQUEST] Method: GET Path: /static/css/styles.css
2025-07-22 21:36:03,586 - main - DEBUG - [main.py:80] - Headers: {'host': 'localhost:8080', 'connection': 'keep-alive', 'sec-ch-ua-platform': '"Windows"', 'user-agent': 'Mozilla/5.0 (Windows NT 10.0; Win64; x64) AppleWebKit/537.36 (KHTML, like Gecko) Chrome/138.0.0.0 Safari/537.36', 'sec-ch-ua': '"Not)A;Brand";v="8", "Chromium";v="138", "Google Chrome";v="138"', 'sec-ch-ua-mobile': '?0', 'accept': 'text/css,*/*;q=0.1', 'sec-fetch-site': 'same-origin', 'sec-fetch-mode': 'no-cors', 'sec-fetch-dest': 'style', 'referer': 'http://localhost:8080/ui', 'accept-encoding': 'gzip, deflate, br, zstd', 'accept-language': 'pl-PL,pl;q=0.9,en-US;q=0.8,en;q=0.7'}
2025-07-22 21:36:03,586 - main - DEBUG - [main.py:82] - Request body: 
2025-07-22 21:36:03,589 - main - DEBUG - [main.py:84] - [RESPONSE] Status: 200
2025-07-22 21:36:03,635 - main - DEBUG - [main.py:78] - ==================================================
2025-07-22 21:36:03,635 - main - DEBUG - [main.py:79] - [REQUEST] Method: GET Path: /static/js/main.js
2025-07-22 21:36:03,635 - main - DEBUG - [main.py:80] - Headers: {'host': 'localhost:8080', 'connection': 'keep-alive', 'sec-ch-ua-platform': '"Windows"', 'user-agent': 'Mozilla/5.0 (Windows NT 10.0; Win64; x64) AppleWebKit/537.36 (KHTML, like Gecko) Chrome/138.0.0.0 Safari/537.36', 'sec-ch-ua': '"Not)A;Brand";v="8", "Chromium";v="138", "Google Chrome";v="138"', 'sec-ch-ua-mobile': '?0', 'accept': '*/*', 'sec-fetch-site': 'same-origin', 'sec-fetch-mode': 'no-cors', 'sec-fetch-dest': 'script', 'referer': 'http://localhost:8080/ui', 'accept-encoding': 'gzip, deflate, br, zstd', 'accept-language': 'pl-PL,pl;q=0.9,en-US;q=0.8,en;q=0.7'}
2025-07-22 21:36:03,636 - main - DEBUG - [main.py:82] - Request body: 
2025-07-22 21:36:03,638 - main - DEBUG - [main.py:84] - [RESPONSE] Status: 200
2025-07-22 21:36:21,791 - main - DEBUG - [main.py:78] - ==================================================
2025-07-22 21:36:21,791 - main - DEBUG - [main.py:79] - [REQUEST] Method: GET Path: /app/devices/1126326593/parameters
2025-07-22 21:36:21,791 - main - DEBUG - [main.py:80] - Headers: {'host': 'localhost:8080', 'connection': 'keep-alive', 'sec-ch-ua-platform': '"Windows"', 'user-agent': 'Mozilla/5.0 (Windows NT 10.0; Win64; x64) AppleWebKit/537.36 (KHTML, like Gecko) Chrome/138.0.0.0 Safari/537.36', 'sec-ch-ua': '"Not)A;Brand";v="8", "Chromium";v="138", "Google Chrome";v="138"', 'sec-ch-ua-mobile': '?0', 'accept': '*/*', 'sec-fetch-site': 'same-origin', 'sec-fetch-mode': 'cors', 'sec-fetch-dest': 'empty', 'referer': 'http://localhost:8080/ui', 'accept-encoding': 'gzip, deflate, br, zstd', 'accept-language': 'pl-PL,pl;q=0.9,en-US;q=0.8,en;q=0.7'}
2025-07-22 21:36:21,791 - main - DEBUG - [main.py:82] - Request body: 
2025-07-22 21:36:21,812 - main - DEBUG - [main.py:84] - [RESPONSE] Status: 200
2025-07-22 21:37:40,085 - main - DEBUG - [main.py:78] - ==================================================
2025-07-22 21:37:40,085 - main - DEBUG - [main.py:79] - [REQUEST] Method: PUT Path: /app/devices/1126326593/parameters/5
2025-07-22 21:37:40,085 - main - DEBUG - [main.py:80] - Headers: {'host': 'localhost:8080', 'connection': 'keep-alive', 'content-length': '23', 'sec-ch-ua-platform': '"Windows"', 'user-agent': 'Mozilla/5.0 (Windows NT 10.0; Win64; x64) AppleWebKit/537.36 (KHTML, like Gecko) Chrome/138.0.0.0 Safari/537.36', 'sec-ch-ua': '"Not)A;Brand";v="8", "Chromium";v="138", "Google Chrome";v="138"', 'content-type': 'application/json', 'sec-ch-ua-mobile': '?0', 'accept': '*/*', 'origin': 'http://localhost:8080', 'sec-fetch-site': 'same-origin', 'sec-fetch-mode': 'cors', 'sec-fetch-dest': 'empty', 'referer': 'http://localhost:8080/ui', 'accept-encoding': 'gzip, deflate, br, zstd', 'accept-language': 'pl-PL,pl;q=0.9,en-US;q=0.8,en;q=0.7'}
2025-07-22 21:37:40,085 - main - DEBUG - [main.py:82] - Request body: 7b 22 70 61 72 61 6d 5f 64 61 74 61 22 3a 22 5c 75 30 30 30 31 22 7d
2025-07-22 21:37:40,088 - main - DEBUG - [main.py:84] - [RESPONSE] Status: 400
2025-07-22 21:37:45,908 - main - DEBUG - [main.py:78] - ==================================================
2025-07-22 21:37:45,908 - main - DEBUG - [main.py:79] - [REQUEST] Method: PUT Path: /app/devices/1126326593/parameters/5
2025-07-22 21:37:45,908 - main - DEBUG - [main.py:80] - Headers: {'host': 'localhost:8080', 'connection': 'keep-alive', 'content-length': '18', 'sec-ch-ua-platform': '"Windows"', 'user-agent': 'Mozilla/5.0 (Windows NT 10.0; Win64; x64) AppleWebKit/537.36 (KHTML, like Gecko) Chrome/138.0.0.0 Safari/537.36', 'sec-ch-ua': '"Not)A;Brand";v="8", "Chromium";v="138", "Google Chrome";v="138"', 'content-type': 'application/json', 'sec-ch-ua-mobile': '?0', 'accept': '*/*', 'origin': 'http://localhost:8080', 'sec-fetch-site': 'same-origin', 'sec-fetch-mode': 'cors', 'sec-fetch-dest': 'empty', 'referer': 'http://localhost:8080/ui', 'accept-encoding': 'gzip, deflate, br, zstd', 'accept-language': 'pl-PL,pl;q=0.9,en-US;q=0.8,en;q=0.7'}
2025-07-22 21:37:45,908 - main - DEBUG - [main.py:82] - Request body: 7b 22 70 61 72 61 6d 5f 64 61 74 61 22 3a 22 32 22 7d
2025-07-22 21:37:45,920 - services.app_handler - INFO - [app_handler.py:187] - Zaktualizowano parametr scaleType dla urz퉐zenia 1126326593
2025-07-22 21:37:45,921 - main - DEBUG - [main.py:84] - [RESPONSE] Status: 200
2025-07-22 21:37:58,645 - main - DEBUG - [main.py:78] - ==================================================
2025-07-22 21:37:58,645 - main - DEBUG - [main.py:79] - [REQUEST] Method: GET Path: /app/devices/1126326593/parameters
2025-07-22 21:37:58,646 - main - DEBUG - [main.py:80] - Headers: {'host': 'localhost:8080', 'connection': 'keep-alive', 'sec-ch-ua-platform': '"Windows"', 'user-agent': 'Mozilla/5.0 (Windows NT 10.0; Win64; x64) AppleWebKit/537.36 (KHTML, like Gecko) Chrome/138.0.0.0 Safari/537.36', 'sec-ch-ua': '"Not)A;Brand";v="8", "Chromium";v="138", "Google Chrome";v="138"', 'sec-ch-ua-mobile': '?0', 'accept': '*/*', 'sec-fetch-site': 'same-origin', 'sec-fetch-mode': 'cors', 'sec-fetch-dest': 'empty', 'referer': 'http://localhost:8080/ui', 'accept-encoding': 'gzip, deflate, br, zstd', 'accept-language': 'pl-PL,pl;q=0.9,en-US;q=0.8,en;q=0.7'}
2025-07-22 21:37:58,646 - main - DEBUG - [main.py:82] - Request body: 
2025-07-22 21:37:58,649 - main - DEBUG - [main.py:84] - [RESPONSE] Status: 200
2025-07-22 21:38:07,769 - main - DEBUG - [main.py:78] - ==================================================
2025-07-22 21:38:07,769 - main - DEBUG - [main.py:79] - [REQUEST] Method: PUT Path: /app/devices/1126326593/parameters/8
2025-07-22 21:38:07,769 - main - DEBUG - [main.py:80] - Headers: {'host': 'localhost:8080', 'connection': 'keep-alive', 'content-length': '22', 'sec-ch-ua-platform': '"Windows"', 'user-agent': 'Mozilla/5.0 (Windows NT 10.0; Win64; x64) AppleWebKit/537.36 (KHTML, like Gecko) Chrome/138.0.0.0 Safari/537.36', 'sec-ch-ua': '"Not)A;Brand";v="8", "Chromium";v="138", "Google Chrome";v="138"', 'content-type': 'application/json', 'sec-ch-ua-mobile': '?0', 'accept': '*/*', 'origin': 'http://localhost:8080', 'sec-fetch-site': 'same-origin', 'sec-fetch-mode': 'cors', 'sec-fetch-dest': 'empty', 'referer': 'http://localhost:8080/ui', 'accept-encoding': 'gzip, deflate, br, zstd', 'accept-language': 'pl-PL,pl;q=0.9,en-US;q=0.8,en;q=0.7'}
2025-07-22 21:38:07,770 - main - DEBUG - [main.py:82] - Request body: 7b 22 70 61 72 61 6d 5f 64 61 74 61 22 3a 22 32 30 30 30 30 22 7d
2025-07-22 21:38:07,781 - services.app_handler - INFO - [app_handler.py:187] - Zaktualizowano parametr trimm dla urz퉐zenia 1126326593
2025-07-22 21:38:07,782 - main - DEBUG - [main.py:84] - [RESPONSE] Status: 200
2025-07-22 21:38:20,516 - main - DEBUG - [main.py:78] - ==================================================
2025-07-22 21:38:20,517 - main - DEBUG - [main.py:79] - [REQUEST] Method: GET Path: /app/devices/1126326593/parameters
2025-07-22 21:38:20,517 - main - DEBUG - [main.py:80] - Headers: {'host': 'localhost:8080', 'connection': 'keep-alive', 'sec-ch-ua-platform': '"Windows"', 'user-agent': 'Mozilla/5.0 (Windows NT 10.0; Win64; x64) AppleWebKit/537.36 (KHTML, like Gecko) Chrome/138.0.0.0 Safari/537.36', 'sec-ch-ua': '"Not)A;Brand";v="8", "Chromium";v="138", "Google Chrome";v="138"', 'sec-ch-ua-mobile': '?0', 'accept': '*/*', 'sec-fetch-site': 'same-origin', 'sec-fetch-mode': 'cors', 'sec-fetch-dest': 'empty', 'referer': 'http://localhost:8080/ui', 'accept-encoding': 'gzip, deflate, br, zstd', 'accept-language': 'pl-PL,pl;q=0.9,en-US;q=0.8,en;q=0.7'}
2025-07-22 21:38:20,517 - main - DEBUG - [main.py:82] - Request body: 
2025-07-22 21:38:20,520 - main - DEBUG - [main.py:84] - [RESPONSE] Status: 200
2025-07-22 21:39:33,219 - main - DEBUG - [main.py:78] - ==================================================
2025-07-22 21:39:33,219 - main - DEBUG - [main.py:79] - [REQUEST] Method: PUT Path: /app/devices/1126326593/parameters/6
2025-07-22 21:39:33,220 - main - DEBUG - [main.py:80] - Headers: {'host': 'localhost:8080', 'connection': 'keep-alive', 'content-length': '18', 'sec-ch-ua-platform': '"Windows"', 'user-agent': 'Mozilla/5.0 (Windows NT 10.0; Win64; x64) AppleWebKit/537.36 (KHTML, like Gecko) Chrome/138.0.0.0 Safari/537.36', 'sec-ch-ua': '"Not)A;Brand";v="8", "Chromium";v="138", "Google Chrome";v="138"', 'content-type': 'application/json', 'sec-ch-ua-mobile': '?0', 'accept': '*/*', 'origin': 'http://localhost:8080', 'sec-fetch-site': 'same-origin', 'sec-fetch-mode': 'cors', 'sec-fetch-dest': 'empty', 'referer': 'http://localhost:8080/ui', 'accept-encoding': 'gzip, deflate, br, zstd', 'accept-language': 'pl-PL,pl;q=0.9,en-US;q=0.8,en;q=0.7'}
2025-07-22 21:39:33,220 - main - DEBUG - [main.py:82] - Request body: 7b 22 70 61 72 61 6d 5f 64 61 74 61 22 3a 22 31 22 7d
2025-07-22 21:39:33,227 - services.app_handler - INFO - [app_handler.py:187] - Zaktualizowano parametr loadcellSet dla urz퉐zenia 1126326593
2025-07-22 21:39:33,228 - main - DEBUG - [main.py:84] - [RESPONSE] Status: 200
2025-07-22 21:39:44,035 - main - DEBUG - [main.py:78] - ==================================================
2025-07-22 21:39:44,035 - main - DEBUG - [main.py:79] - [REQUEST] Method: GET Path: /.well-known/appspecific/com.chrome.devtools.json
2025-07-22 21:39:44,036 - main - DEBUG - [main.py:80] - Headers: {'host': 'localhost:8080', 'connection': 'keep-alive', 'sec-fetch-site': 'same-origin', 'sec-fetch-mode': 'no-cors', 'sec-fetch-dest': 'empty', 'user-agent': 'Mozilla/5.0 (Windows NT 10.0; Win64; x64) AppleWebKit/537.36 (KHTML, like Gecko) Chrome/138.0.0.0 Safari/537.36', 'accept-encoding': 'gzip, deflate, br, zstd', 'accept-language': 'pl-PL,pl;q=0.9,en-US;q=0.8,en;q=0.7'}
2025-07-22 21:39:44,036 - main - DEBUG - [main.py:82] - Request body: 
2025-07-22 21:39:44,036 - main - DEBUG - [main.py:84] - [RESPONSE] Status: 404
2025-07-22 21:39:44,801 - main - DEBUG - [main.py:78] - ==================================================
2025-07-22 21:39:44,801 - main - DEBUG - [main.py:79] - [REQUEST] Method: GET Path: /static/css/styles.css
2025-07-22 21:39:44,801 - main - DEBUG - [main.py:80] - Headers: {'host': 'localhost:8080', 'connection': 'keep-alive', 'sec-ch-ua-platform': '"Windows"', 'if-none-match': '"69385f224e3c38da44026c4b493a271b"', 'user-agent': 'Mozilla/5.0 (Windows NT 10.0; Win64; x64) AppleWebKit/537.36 (KHTML, like Gecko) Chrome/138.0.0.0 Safari/537.36', 'sec-ch-ua': '"Not)A;Brand";v="8", "Chromium";v="138", "Google Chrome";v="138"', 'if-modified-since': 'Tue, 22 Jul 2025 19:05:24 GMT', 'sec-ch-ua-mobile': '?0', 'accept': 'text/css,*/*;q=0.1', 'sec-fetch-site': 'same-origin', 'sec-fetch-mode': 'no-cors', 'sec-fetch-dest': 'style', 'referer': 'http://localhost:8080/ui', 'accept-encoding': 'gzip, deflate, br, zstd', 'accept-language': 'pl-PL,pl;q=0.9,en-US;q=0.8,en;q=0.7'}
2025-07-22 21:39:44,802 - main - DEBUG - [main.py:82] - Request body: 
2025-07-22 21:39:44,803 - main - DEBUG - [main.py:84] - [RESPONSE] Status: 304
2025-07-22 21:40:01,764 - main - DEBUG - [main.py:78] - ==================================================
2025-07-22 21:40:01,765 - main - DEBUG - [main.py:79] - [REQUEST] Method: PUT Path: /app/devices/1126326593/parameters/8
2025-07-22 21:40:01,765 - main - DEBUG - [main.py:80] - Headers: {'host': 'localhost:8080', 'connection': 'keep-alive', 'content-length': '22', 'sec-ch-ua-platform': '"Windows"', 'user-agent': 'Mozilla/5.0 (Windows NT 10.0; Win64; x64) AppleWebKit/537.36 (KHTML, like Gecko) Chrome/138.0.0.0 Safari/537.36', 'sec-ch-ua': '"Not)A;Brand";v="8", "Chromium";v="138", "Google Chrome";v="138"', 'content-type': 'application/json', 'sec-ch-ua-mobile': '?0', 'accept': '*/*', 'origin': 'http://localhost:8080', 'sec-fetch-site': 'same-origin', 'sec-fetch-mode': 'cors', 'sec-fetch-dest': 'empty', 'referer': 'http://localhost:8080/ui', 'accept-encoding': 'gzip, deflate, br, zstd', 'accept-language': 'pl-PL,pl;q=0.9,en-US;q=0.8,en;q=0.7'}
2025-07-22 21:40:01,765 - main - DEBUG - [main.py:82] - Request body: 7b 22 70 61 72 61 6d 5f 64 61 74 61 22 3a 22 31 30 30 30 30 22 7d
2025-07-22 21:40:01,772 - services.app_handler - INFO - [app_handler.py:187] - Zaktualizowano parametr trimm dla urz퉐zenia 1126326593
2025-07-22 21:40:01,773 - main - DEBUG - [main.py:84] - [RESPONSE] Status: 200
2025-07-22 21:40:14,518 - main - DEBUG - [main.py:78] - ==================================================
2025-07-22 21:40:14,518 - main - DEBUG - [main.py:79] - [REQUEST] Method: GET Path: /app/devices/1126326593/parameters
2025-07-22 21:40:14,519 - main - DEBUG - [main.py:80] - Headers: {'host': 'localhost:8080', 'connection': 'keep-alive', 'sec-ch-ua-platform': '"Windows"', 'user-agent': 'Mozilla/5.0 (Windows NT 10.0; Win64; x64) AppleWebKit/537.36 (KHTML, like Gecko) Chrome/138.0.0.0 Safari/537.36', 'sec-ch-ua': '"Not)A;Brand";v="8", "Chromium";v="138", "Google Chrome";v="138"', 'sec-ch-ua-mobile': '?0', 'accept': '*/*', 'sec-fetch-site': 'same-origin', 'sec-fetch-mode': 'cors', 'sec-fetch-dest': 'empty', 'referer': 'http://localhost:8080/ui', 'accept-encoding': 'gzip, deflate, br, zstd', 'accept-language': 'pl-PL,pl;q=0.9,en-US;q=0.8,en;q=0.7'}
2025-07-22 21:40:14,519 - main - DEBUG - [main.py:82] - Request body: 
2025-07-22 21:40:14,522 - main - DEBUG - [main.py:84] - [RESPONSE] Status: 200
2025-07-22 21:40:16,933 - main - DEBUG - [main.py:78] - ==================================================
2025-07-22 21:40:16,933 - main - DEBUG - [main.py:79] - [REQUEST] Method: GET Path: /app/devices/1126326593/parameters
2025-07-22 21:40:16,933 - main - DEBUG - [main.py:80] - Headers: {'host': 'localhost:8080', 'connection': 'keep-alive', 'sec-ch-ua-platform': '"Windows"', 'user-agent': 'Mozilla/5.0 (Windows NT 10.0; Win64; x64) AppleWebKit/537.36 (KHTML, like Gecko) Chrome/138.0.0.0 Safari/537.36', 'sec-ch-ua': '"Not)A;Brand";v="8", "Chromium";v="138", "Google Chrome";v="138"', 'sec-ch-ua-mobile': '?0', 'accept': '*/*', 'sec-fetch-site': 'same-origin', 'sec-fetch-mode': 'cors', 'sec-fetch-dest': 'empty', 'referer': 'http://localhost:8080/ui', 'accept-encoding': 'gzip, deflate, br, zstd', 'accept-language': 'pl-PL,pl;q=0.9,en-US;q=0.8,en;q=0.7'}
2025-07-22 21:40:16,933 - main - DEBUG - [main.py:82] - Request body: 
2025-07-22 21:40:16,936 - main - DEBUG - [main.py:84] - [RESPONSE] Status: 200
2025-07-22 21:40:29,322 - main - DEBUG - [main.py:78] - ==================================================
2025-07-22 21:40:29,322 - main - DEBUG - [main.py:79] - [REQUEST] Method: PUT Path: /app/devices/1126326593/parameters/0
2025-07-22 21:40:29,323 - main - DEBUG - [main.py:80] - Headers: {'host': 'localhost:8080', 'connection': 'keep-alive', 'content-length': '18', 'sec-ch-ua-platform': '"Windows"', 'user-agent': 'Mozilla/5.0 (Windows NT 10.0; Win64; x64) AppleWebKit/537.36 (KHTML, like Gecko) Chrome/138.0.0.0 Safari/537.36', 'sec-ch-ua': '"Not)A;Brand";v="8", "Chromium";v="138", "Google Chrome";v="138"', 'content-type': 'application/json', 'sec-ch-ua-mobile': '?0', 'accept': '*/*', 'origin': 'http://localhost:8080', 'sec-fetch-site': 'same-origin', 'sec-fetch-mode': 'cors', 'sec-fetch-dest': 'empty', 'referer': 'http://localhost:8080/ui', 'accept-encoding': 'gzip, deflate, br, zstd', 'accept-language': 'pl-PL,pl;q=0.9,en-US;q=0.8,en;q=0.7'}
2025-07-22 21:40:29,323 - main - DEBUG - [main.py:82] - Request body: 7b 22 70 61 72 61 6d 5f 64 61 74 61 22 3a 22 30 22 7d
2025-07-22 21:40:29,325 - services.app_handler - INFO - [app_handler.py:187] - Zaktualizowano parametr dummy dla urz퉐zenia 1126326593
2025-07-22 21:40:29,326 - main - DEBUG - [main.py:84] - [RESPONSE] Status: 200
2025-07-22 21:40:39,715 - main - DEBUG - [main.py:78] - ==================================================
2025-07-22 21:40:39,715 - main - DEBUG - [main.py:79] - [REQUEST] Method: PUT Path: /app/devices/1126326593/parameters/3
2025-07-22 21:40:39,716 - main - DEBUG - [main.py:80] - Headers: {'host': 'localhost:8080', 'connection': 'keep-alive', 'content-length': '20', 'sec-ch-ua-platform': '"Windows"', 'user-agent': 'Mozilla/5.0 (Windows NT 10.0; Win64; x64) AppleWebKit/537.36 (KHTML, like Gecko) Chrome/138.0.0.0 Safari/537.36', 'sec-ch-ua': '"Not)A;Brand";v="8", "Chromium";v="138", "Google Chrome";v="138"', 'content-type': 'application/json', 'sec-ch-ua-mobile': '?0', 'accept': '*/*', 'origin': 'http://localhost:8080', 'sec-fetch-site': 'same-origin', 'sec-fetch-mode': 'cors', 'sec-fetch-dest': 'empty', 'referer': 'http://localhost:8080/ui', 'accept-encoding': 'gzip, deflate, br, zstd', 'accept-language': 'pl-PL,pl;q=0.9,en-US;q=0.8,en;q=0.7'}
2025-07-22 21:40:39,716 - main - DEBUG - [main.py:82] - Request body: 7b 22 70 61 72 61 6d 5f 64 61 74 61 22 3a 22 31 2e 37 22 7d
2025-07-22 21:40:39,849 - services.app_handler - INFO - [app_handler.py:187] - Zaktualizowano parametr autoZero dla urz퉐zenia 1126326593
2025-07-22 21:40:39,850 - main - DEBUG - [main.py:84] - [RESPONSE] Status: 200
2025-07-22 21:40:42,178 - main - DEBUG - [main.py:78] - ==================================================
2025-07-22 21:40:42,178 - main - DEBUG - [main.py:79] - [REQUEST] Method: GET Path: /app/devices/1126326593/parameters
2025-07-22 21:40:42,178 - main - DEBUG - [main.py:80] - Headers: {'host': 'localhost:8080', 'connection': 'keep-alive', 'sec-ch-ua-platform': '"Windows"', 'user-agent': 'Mozilla/5.0 (Windows NT 10.0; Win64; x64) AppleWebKit/537.36 (KHTML, like Gecko) Chrome/138.0.0.0 Safari/537.36', 'sec-ch-ua': '"Not)A;Brand";v="8", "Chromium";v="138", "Google Chrome";v="138"', 'sec-ch-ua-mobile': '?0', 'accept': '*/*', 'sec-fetch-site': 'same-origin', 'sec-fetch-mode': 'cors', 'sec-fetch-dest': 'empty', 'referer': 'http://localhost:8080/ui', 'accept-encoding': 'gzip, deflate, br, zstd', 'accept-language': 'pl-PL,pl;q=0.9,en-US;q=0.8,en;q=0.7'}
2025-07-22 21:40:42,178 - main - DEBUG - [main.py:82] - Request body: 
2025-07-22 21:40:42,181 - main - DEBUG - [main.py:84] - [RESPONSE] Status: 200
2025-07-22 21:40:55,047 - main - DEBUG - [main.py:78] - ==================================================
2025-07-22 21:40:55,047 - main - DEBUG - [main.py:79] - [REQUEST] Method: PUT Path: /app/devices/1126326593/parameters/3
2025-07-22 21:40:55,047 - main - DEBUG - [main.py:80] - Headers: {'host': 'localhost:8080', 'connection': 'keep-alive', 'content-length': '25', 'sec-ch-ua-platform': '"Windows"', 'user-agent': 'Mozilla/5.0 (Windows NT 10.0; Win64; x64) AppleWebKit/537.36 (KHTML, like Gecko) Chrome/138.0.0.0 Safari/537.36', 'sec-ch-ua': '"Not)A;Brand";v="8", "Chromium";v="138", "Google Chrome";v="138"', 'content-type': 'application/json', 'sec-ch-ua-mobile': '?0', 'accept': '*/*', 'origin': 'http://localhost:8080', 'sec-fetch-site': 'same-origin', 'sec-fetch-mode': 'cors', 'sec-fetch-dest': 'empty', 'referer': 'http://localhost:8080/ui', 'accept-encoding': 'gzip, deflate, br, zstd', 'accept-language': 'pl-PL,pl;q=0.9,en-US;q=0.8,en;q=0.7'}
2025-07-22 21:40:55,047 - main - DEBUG - [main.py:82] - Request body: 7b 22 70 61 72 61 6d 5f 64 61 74 61 22 3a 22 31 2e 37 20 20 20 20 20 22 7d
2025-07-22 21:40:55,050 - services.app_handler - INFO - [app_handler.py:187] - Zaktualizowano parametr autoZero dla urz퉐zenia 1126326593
2025-07-22 21:40:55,051 - main - DEBUG - [main.py:84] - [RESPONSE] Status: 200
2025-07-22 21:40:56,042 - main - DEBUG - [main.py:78] - ==================================================
2025-07-22 21:40:56,042 - main - DEBUG - [main.py:79] - [REQUEST] Method: PUT Path: /app/devices/1126326593/parameters/3
2025-07-22 21:40:56,043 - main - DEBUG - [main.py:80] - Headers: {'host': 'localhost:8080', 'connection': 'keep-alive', 'content-length': '25', 'sec-ch-ua-platform': '"Windows"', 'user-agent': 'Mozilla/5.0 (Windows NT 10.0; Win64; x64) AppleWebKit/537.36 (KHTML, like Gecko) Chrome/138.0.0.0 Safari/537.36', 'sec-ch-ua': '"Not)A;Brand";v="8", "Chromium";v="138", "Google Chrome";v="138"', 'content-type': 'application/json', 'sec-ch-ua-mobile': '?0', 'accept': '*/*', 'origin': 'http://localhost:8080', 'sec-fetch-site': 'same-origin', 'sec-fetch-mode': 'cors', 'sec-fetch-dest': 'empty', 'referer': 'http://localhost:8080/ui', 'accept-encoding': 'gzip, deflate, br, zstd', 'accept-language': 'pl-PL,pl;q=0.9,en-US;q=0.8,en;q=0.7'}
2025-07-22 21:40:56,043 - main - DEBUG - [main.py:82] - Request body: 7b 22 70 61 72 61 6d 5f 64 61 74 61 22 3a 22 31 2e 37 20 20 20 20 20 22 7d
2025-07-22 21:40:56,046 - services.app_handler - INFO - [app_handler.py:187] - Zaktualizowano parametr autoZero dla urz퉐zenia 1126326593
2025-07-22 21:40:56,047 - main - DEBUG - [main.py:84] - [RESPONSE] Status: 200
2025-07-22 21:41:21,337 - main - DEBUG - [main.py:78] - ==================================================
2025-07-22 21:41:21,338 - main - DEBUG - [main.py:79] - [REQUEST] Method: PUT Path: /app/devices/1126326593/parameters/4
2025-07-22 21:41:21,338 - main - DEBUG - [main.py:80] - Headers: {'host': 'localhost:8080', 'connection': 'keep-alive', 'content-length': '20', 'sec-ch-ua-platform': '"Windows"', 'user-agent': 'Mozilla/5.0 (Windows NT 10.0; Win64; x64) AppleWebKit/537.36 (KHTML, like Gecko) Chrome/138.0.0.0 Safari/537.36', 'sec-ch-ua': '"Not)A;Brand";v="8", "Chromium";v="138", "Google Chrome";v="138"', 'content-type': 'application/json', 'sec-ch-ua-mobile': '?0', 'accept': '*/*', 'origin': 'http://localhost:8080', 'sec-fetch-site': 'same-origin', 'sec-fetch-mode': 'cors', 'sec-fetch-dest': 'empty', 'referer': 'http://localhost:8080/ui', 'accept-encoding': 'gzip, deflate, br, zstd', 'accept-language': 'pl-PL,pl;q=0.9,en-US;q=0.8,en;q=0.7'}
2025-07-22 21:41:21,338 - main - DEBUG - [main.py:82] - Request body: 7b 22 70 61 72 61 6d 5f 64 61 74 61 22 3a 22 32 2e 33 22 7d
2025-07-22 21:41:21,363 - services.app_handler - INFO - [app_handler.py:187] - Zaktualizowano parametr deadBand dla urz퉐zenia 1126326593
2025-07-22 21:41:21,364 - main - DEBUG - [main.py:84] - [RESPONSE] Status: 200
2025-07-22 21:41:40,971 - main - DEBUG - [main.py:78] - ==================================================
2025-07-22 21:41:40,971 - main - DEBUG - [main.py:79] - [REQUEST] Method: PUT Path: /app/devices/1126326593/parameters/8
2025-07-22 21:41:40,971 - main - DEBUG - [main.py:80] - Headers: {'host': 'localhost:8080', 'connection': 'keep-alive', 'content-length': '25', 'sec-ch-ua-platform': '"Windows"', 'user-agent': 'Mozilla/5.0 (Windows NT 10.0; Win64; x64) AppleWebKit/537.36 (KHTML, like Gecko) Chrome/138.0.0.0 Safari/537.36', 'sec-ch-ua': '"Not)A;Brand";v="8", "Chromium";v="138", "Google Chrome";v="138"', 'content-type': 'application/json', 'sec-ch-ua-mobile': '?0', 'accept': '*/*', 'origin': 'http://localhost:8080', 'sec-fetch-site': 'same-origin', 'sec-fetch-mode': 'cors', 'sec-fetch-dest': 'empty', 'referer': 'http://localhost:8080/ui', 'accept-encoding': 'gzip, deflate, br, zstd', 'accept-language': 'pl-PL,pl;q=0.9,en-US;q=0.8,en;q=0.7'}
2025-07-22 21:41:40,971 - main - DEBUG - [main.py:82] - Request body: 7b 22 70 61 72 61 6d 5f 64 61 74 61 22 3a 22 31 35 30 30 30 20 20 20 22 7d
2025-07-22 21:41:40,978 - services.app_handler - INFO - [app_handler.py:187] - Zaktualizowano parametr trimm dla urz퉐zenia 1126326593
2025-07-22 21:41:40,979 - main - DEBUG - [main.py:84] - [RESPONSE] Status: 200
2025-07-22 21:41:55,005 - main - DEBUG - [main.py:78] - ==================================================
2025-07-22 21:41:55,005 - main - DEBUG - [main.py:79] - [REQUEST] Method: GET Path: /app/devices/1126326593/parameters
2025-07-22 21:41:55,005 - main - DEBUG - [main.py:80] - Headers: {'host': 'localhost:8080', 'connection': 'keep-alive', 'sec-ch-ua-platform': '"Windows"', 'user-agent': 'Mozilla/5.0 (Windows NT 10.0; Win64; x64) AppleWebKit/537.36 (KHTML, like Gecko) Chrome/138.0.0.0 Safari/537.36', 'sec-ch-ua': '"Not)A;Brand";v="8", "Chromium";v="138", "Google Chrome";v="138"', 'sec-ch-ua-mobile': '?0', 'accept': '*/*', 'sec-fetch-site': 'same-origin', 'sec-fetch-mode': 'cors', 'sec-fetch-dest': 'empty', 'referer': 'http://localhost:8080/ui', 'accept-encoding': 'gzip, deflate, br, zstd', 'accept-language': 'pl-PL,pl;q=0.9,en-US;q=0.8,en;q=0.7'}
2025-07-22 21:41:55,005 - main - DEBUG - [main.py:82] - Request body: 
2025-07-22 21:41:55,009 - main - DEBUG - [main.py:84] - [RESPONSE] Status: 200
2025-07-22 21:42:07,430 - main - DEBUG - [main.py:78] - ==================================================
2025-07-22 21:42:07,430 - main - DEBUG - [main.py:79] - [REQUEST] Method: GET Path: /app/devices/1126326593/parameters
2025-07-22 21:42:07,431 - main - DEBUG - [main.py:80] - Headers: {'host': 'localhost:8080', 'connection': 'keep-alive', 'sec-ch-ua-platform': '"Windows"', 'user-agent': 'Mozilla/5.0 (Windows NT 10.0; Win64; x64) AppleWebKit/537.36 (KHTML, like Gecko) Chrome/138.0.0.0 Safari/537.36', 'sec-ch-ua': '"Not)A;Brand";v="8", "Chromium";v="138", "Google Chrome";v="138"', 'sec-ch-ua-mobile': '?0', 'accept': '*/*', 'sec-fetch-site': 'same-origin', 'sec-fetch-mode': 'cors', 'sec-fetch-dest': 'empty', 'referer': 'http://localhost:8080/ui', 'accept-encoding': 'gzip, deflate, br, zstd', 'accept-language': 'pl-PL,pl;q=0.9,en-US;q=0.8,en;q=0.7'}
2025-07-22 21:42:07,431 - main - DEBUG - [main.py:82] - Request body: 
2025-07-22 21:42:07,436 - main - DEBUG - [main.py:84] - [RESPONSE] Status: 200
2025-07-22 21:42:39,348 - main - DEBUG - [main.py:78] - ==================================================
2025-07-22 21:42:39,348 - main - DEBUG - [main.py:79] - [REQUEST] Method: PUT Path: /app/devices/1126326593/parameters/1
2025-07-22 21:42:39,348 - main - DEBUG - [main.py:80] - Headers: {'host': 'localhost:8080', 'connection': 'keep-alive', 'content-length': '18', 'sec-ch-ua-platform': '"Windows"', 'user-agent': 'Mozilla/5.0 (Windows NT 10.0; Win64; x64) AppleWebKit/537.36 (KHTML, like Gecko) Chrome/138.0.0.0 Safari/537.36', 'sec-ch-ua': '"Not)A;Brand";v="8", "Chromium";v="138", "Google Chrome";v="138"', 'content-type': 'application/json', 'sec-ch-ua-mobile': '?0', 'accept': '*/*', 'origin': 'http://localhost:8080', 'sec-fetch-site': 'same-origin', 'sec-fetch-mode': 'cors', 'sec-fetch-dest': 'empty', 'referer': 'http://localhost:8080/ui', 'accept-encoding': 'gzip, deflate, br, zstd', 'accept-language': 'pl-PL,pl;q=0.9,en-US;q=0.8,en;q=0.7'}
2025-07-22 21:42:39,349 - main - DEBUG - [main.py:82] - Request body: 7b 22 70 61 72 61 6d 5f 64 61 74 61 22 3a 22 33 22 7d
2025-07-22 21:42:39,356 - services.app_handler - INFO - [app_handler.py:187] - Zaktualizowano parametr filterRate dla urz퉐zenia 1126326593
2025-07-22 21:42:39,357 - main - DEBUG - [main.py:84] - [RESPONSE] Status: 200
2025-07-22 21:43:23,197 - main - DEBUG - [main.py:78] - ==================================================
2025-07-22 21:43:23,198 - main - DEBUG - [main.py:79] - [REQUEST] Method: PUT Path: /app/devices/1126326593/parameters/5
2025-07-22 21:43:23,198 - main - DEBUG - [main.py:80] - Headers: {'host': 'localhost:8080', 'connection': 'keep-alive', 'content-length': '18', 'sec-ch-ua-platform': '"Windows"', 'user-agent': 'Mozilla/5.0 (Windows NT 10.0; Win64; x64) AppleWebKit/537.36 (KHTML, like Gecko) Chrome/138.0.0.0 Safari/537.36', 'sec-ch-ua': '"Not)A;Brand";v="8", "Chromium";v="138", "Google Chrome";v="138"', 'content-type': 'application/json', 'sec-ch-ua-mobile': '?0', 'accept': '*/*', 'origin': 'http://localhost:8080', 'sec-fetch-site': 'same-origin', 'sec-fetch-mode': 'cors', 'sec-fetch-dest': 'empty', 'referer': 'http://localhost:8080/ui', 'accept-encoding': 'gzip, deflate, br, zstd', 'accept-language': 'pl-PL,pl;q=0.9,en-US;q=0.8,en;q=0.7'}
2025-07-22 21:43:23,198 - main - DEBUG - [main.py:82] - Request body: 7b 22 70 61 72 61 6d 5f 64 61 74 61 22 3a 22 31 22 7d
2025-07-22 21:43:23,207 - services.app_handler - INFO - [app_handler.py:187] - Zaktualizowano parametr scaleType dla urz퉐zenia 1126326593
2025-07-22 21:43:23,208 - main - DEBUG - [main.py:84] - [RESPONSE] Status: 200
